<?xml version="1.0" encoding="UTF-8"?>
<testsuite xmlns:xsi="http://www.w3.org/2001/XMLSchema-instance" xsi:noNamespaceSchemaLocation="https://maven.apache.org/surefire/maven-surefire-plugin/xsd/surefire-test-report.xsd" name="com.ververica.flinktraining.exercises.datastream_java.broadcast.TaxiQueryTest" time="0.653" tests="2" errors="0" skipped="0" failures="0">
  <properties>
[...]
</properties>
  <testcase name="ongoingRides" classname="com.ververica.flinktraining.exercises.datastream_java.broadcast.TaxiQueryTest" time="0.407"/>
  <testcase name="nearbyAvailableTaxis" classname="com.ververica.flinktraining.exercises.datastream_java.broadcast.TaxiQueryTest" time="0.245"/>
</testsuite>